TN:
SF:run-tests.js
FN:67,runAllTests
FN:78,(anonymous_1)
FN:84,(anonymous_2)
FN:94,(anonymous_3)
FN:102,runCategory
FN:103,(anonymous_5)
FN:110,(anonymous_6)
FN:128,(anonymous_7)
FN:134,(anonymous_8)
FN:144,(anonymous_9)
FN:152,runWithCoverage
FN:164,(anonymous_11)
FN:170,(anonymous_12)
FN:181,(anonymous_13)
FN:189,main
FN:205,(anonymous_15)
FN:219,(anonymous_16)
FN:246,(anonymous_17)
FN:251,(anonymous_18)
FNF:19
FNH:0
FNDA:0,runAllTests
FNDA:0,(anonymous_1)
FNDA:0,(anonymous_2)
FNDA:0,(anonymous_3)
FNDA:0,runCategory
FNDA:0,(anonymous_5)
FNDA:0,(anonymous_6)
FNDA:0,(anonymous_7)
FNDA:0,(anonymous_8)
FNDA:0,(anonymous_9)
FNDA:0,runWithCoverage
FNDA:0,(anonymous_11)
FNDA:0,(anonymous_12)
FNDA:0,(anonymous_13)
FNDA:0,main
FNDA:0,(anonymous_15)
FNDA:0,(anonymous_16)
FNDA:0,(anonymous_17)
FNDA:0,(anonymous_18)
DA:8,0
DA:9,0
DA:11,0
DA:12,0
DA:15,0
DA:68,0
DA:70,0
DA:78,0
DA:79,0
DA:84,0
DA:85,0
DA:86,0
DA:87,0
DA:89,0
DA:90,0
DA:94,0
DA:95,0
DA:96,0
DA:103,0
DA:104,0
DA:107,0
DA:108,0
DA:109,0
DA:110,0
DA:111,0
DA:113,0
DA:116,0
DA:117,0
DA:119,0
DA:128,0
DA:129,0
DA:134,0
DA:135,0
DA:136,0
DA:137,0
DA:139,0
DA:140,0
DA:144,0
DA:145,0
DA:146,0
DA:153,0
DA:155,0
DA:164,0
DA:165,0
DA:170,0
DA:171,0
DA:172,0
DA:173,0
DA:174,0
DA:176,0
DA:177,0
DA:181,0
DA:182,0
DA:183,0
DA:190,0
DA:191,0
DA:193,0
DA:194,0
DA:196,0
DA:197,0
DA:200,0
DA:201,0
DA:202,0
DA:203,0
DA:204,0
DA:205,0
DA:206,0
DA:208,0
DA:210,0
DA:211,0
DA:214,0
DA:215,0
DA:218,0
DA:219,0
DA:220,0
DA:221,0
DA:223,0
DA:226,0
DA:227,0
DA:228,0
DA:229,0
DA:230,0
DA:231,0
DA:232,0
DA:233,0
DA:234,0
DA:235,0
DA:236,0
DA:237,0
DA:240,0
DA:241,0
DA:246,0
DA:247,0
DA:248,0
DA:251,0
DA:252,0
DA:253,0
DA:257,0
LF:98
LH:0
BRDA:85,0,0,0
BRDA:85,0,1,0
BRDA:107,1,0,0
BRDA:107,1,1,0
BRDA:135,2,0,0
BRDA:135,2,1,0
BRDA:171,3,0,0
BRDA:171,3,1,0
BRDA:194,4,0,0
BRDA:194,4,1,0
BRDA:194,4,2,0
BRDA:194,4,3,0
BRDA:194,4,4,0
BRDA:201,5,0,0
BRDA:201,5,1,0
BRF:15
BRH:0
end_of_record
TN:
SF:server.js
FN:27,(anonymous_0)
FN:53,(anonymous_1)
FN:62,(anonymous_2)
FN:99,(anonymous_3)
FN:169,(anonymous_4)
FN:233,(anonymous_5)
FN:273,(anonymous_6)
FN:309,(anonymous_7)
FN:351,(anonymous_8)
FN:361,(anonymous_9)
FN:369,(anonymous_10)
FN:373,(anonymous_11)
FN:387,(anonymous_12)
FN:393,(anonymous_13)
FNF:14
FNH:0
FNDA:0,(anonymous_0)
FNDA:0,(anonymous_1)
FNDA:0,(anonymous_2)
FNDA:0,(anonymous_3)
FNDA:0,(anonymous_4)
FNDA:0,(anonymous_5)
FNDA:0,(anonymous_6)
FNDA:0,(anonymous_7)
FNDA:0,(anonymous_8)
FNDA:0,(anonymous_9)
FNDA:0,(anonymous_10)
FNDA:0,(anonymous_11)
FNDA:0,(anonymous_12)
FNDA:0,(anonymous_13)
DA:6,0
DA:7,0
DA:8,0
DA:9,0
DA:10,0
DA:11,0
DA:13,0
DA:14,0
DA:17,0
DA:18,0
DA:19,0
DA:23,0
DA:24,0
DA:27,0
DA:28,0
DA:29,0
DA:30,0
DA:31,0
DA:33,0
DA:34,0
DA:39,0
DA:40,0
DA:43,0
DA:44,0
DA:47,0
DA:50,0
DA:53,0
DA:54,0
DA:62,0
DA:63,0
DA:64,0
DA:67,0
DA:80,0
DA:82,0
DA:89,0
DA:90,0
DA:99,0
DA:100,0
DA:101,0
DA:103,0
DA:104,0
DA:111,0
DA:112,0
DA:113,0
DA:114,0
DA:115,0
DA:117,0
DA:128,0
DA:131,0
DA:146,0
DA:160,0
DA:161,0
DA:169,0
DA:170,0
DA:171,0
DA:173,0
DA:174,0
DA:181,0
DA:183,0
DA:184,0
DA:190,0
DA:191,0
DA:198,0
DA:199,0
DA:200,0
DA:201,0
DA:204,0
DA:218,0
DA:224,0
DA:225,0
DA:233,0
DA:234,0
DA:235,0
DA:237,0
DA:238,0
DA:245,0
DA:247,0
DA:248,0
DA:254,0
DA:255,0
DA:257,0
DA:263,0
DA:264,0
DA:273,0
DA:274,0
DA:275,0
DA:277,0
DA:278,0
DA:279,0
DA:281,0
DA:286,0
DA:288,0
DA:299,0
DA:300,0
DA:309,0
DA:310,0
DA:311,0
DA:313,0
DA:314,0
DA:315,0
DA:317,0
DA:322,0
DA:324,0
DA:335,0
DA:336,0
DA:345,0
DA:348,0
DA:351,0
DA:352,0
DA:353,0
DA:361,0
DA:362,0
DA:369,0
DA:370,0
DA:371,0
DA:373,0
DA:374,0
DA:375,0
DA:376,0
DA:377,0
DA:381,0
DA:382,0
DA:387,0
DA:388,0
DA:389,0
DA:390,0
DA:393,0
DA:394,0
DA:395,0
DA:396,0
DA:399,0
DA:401,0
LF:132
LH:0
BRDA:14,0,0,0
BRDA:14,0,1,0
BRDA:20,1,0,0
BRDA:20,1,1,0
BRDA:29,2,0,0
BRDA:29,2,1,0
BRDA:57,3,0,0
BRDA:57,3,1,0
BRDA:76,4,0,0
BRDA:76,4,1,0
BRDA:103,5,0,0
BRDA:103,5,1,0
BRDA:103,6,0,0
BRDA:103,6,1,0
BRDA:113,7,0,0
BRDA:113,7,1,0
BRDA:113,7,2,0
BRDA:114,8,0,0
BRDA:114,8,1,0
BRDA:115,9,0,0
BRDA:115,9,1,0
BRDA:173,10,0,0
BRDA:173,10,1,0
BRDA:183,11,0,0
BRDA:183,11,1,0
BRDA:190,12,0,0
BRDA:190,12,1,0
BRDA:237,13,0,0
BRDA:237,13,1,0
BRDA:247,14,0,0
BRDA:247,14,1,0
BRDA:247,15,0,0
BRDA:247,15,1,0
BRDA:275,16,0,0
BRDA:275,17,0,0
BRDA:278,18,0,0
BRDA:278,18,1,0
BRDA:279,19,0,0
BRDA:279,19,1,0
BRDA:311,20,0,0
BRDA:311,21,0,0
BRDA:314,22,0,0
BRDA:314,22,1,0
BRDA:315,23,0,0
BRDA:315,23,1,0
BRDA:356,24,0,0
BRDA:356,24,1,0
BRF:47
BRH:0
end_of_record
TN:
SF:simple-server.js
FN:16,(anonymous_0)
FN:58,(anonymous_1)
FN:66,(anonymous_2)
FN:76,(anonymous_3)
FN:85,(anonymous_4)
FNF:5
FNH:0
FNDA:0,(anonymous_0)
FNDA:0,(anonymous_1)
FNDA:0,(anonymous_2)
FNDA:0,(anonymous_3)
FNDA:0,(anonymous_4)
DA:6,0
DA:7,0
DA:8,0
DA:9,0
DA:12,0
DA:13,0
DA:16,0
DA:17,0
DA:28,0
DA:31,0
DA:34,0
DA:37,0
DA:40,0
DA:43,0
DA:46,0
DA:49,0
DA:52,0
DA:55,0
DA:58,0
DA:59,0
DA:66,0
DA:67,0
DA:68,0
DA:76,0
DA:77,0
DA:85,0
DA:86,0
DA:87,0
DA:88,0
DA:89,0
DA:92,0
LF:31
LH:0
BRDA:9,0,0,0
BRDA:9,0,1,0
BRF:2
BRH:0
end_of_record
TN:
SF:api/routes/adminActions.js
FN:11,(anonymous_0)
FN:172,(anonymous_1)
FN:233,(anonymous_2)
FN:236,(anonymous_3)
FN:264,(anonymous_4)
FN:287,(anonymous_5)
FN:326,(anonymous_6)
FN:349,(anonymous_7)
FNF:8
FNH:0
FNDA:0,(anonymous_0)
FNDA:0,(anonymous_1)
FNDA:0,(anonymous_2)
FNDA:0,(anonymous_3)
FNDA:0,(anonymous_4)
FNDA:0,(anonymous_5)
FNDA:0,(anonymous_6)
FNDA:0,(anonymous_7)
DA:6,0
DA:7,0
DA:8,0
DA:11,0
DA:12,0
DA:13,0
DA:14,0
DA:15,0
DA:16,0
DA:33,0
DA:50,0
DA:68,0
DA:73,0
DA:76,0
DA:172,0
DA:173,0
DA:184,0
DA:187,0
DA:196,0
DA:197,0
DA:202,0
DA:220,0
DA:221,0
DA:233,0
DA:234,0
DA:235,0
DA:236,0
DA:238,0
DA:239,0
DA:245,0
DA:251,0
DA:252,0
DA:264,0
DA:265,0
DA:266,0
DA:268,0
DA:274,0
DA:275,0
DA:287,0
DA:288,0
DA:295,0
DA:298,0
DA:306,0
DA:308,0
DA:309,0
DA:310,0
DA:313,0
DA:314,0
DA:326,0
DA:327,0
DA:328,0
DA:330,0
DA:336,0
DA:337,0
DA:349,0
DA:350,0
DA:361,0
DA:364,0
DA:365,0
DA:372,0
DA:384,0
DA:397,0
DA:398,0
DA:406,0
LF:64
LH:0
BRDA:14,0,0,0
BRDA:14,0,1,0
BRDA:180,1,0,0
BRDA:181,2,0,0
BRDA:182,3,0,0
BRDA:183,4,0,0
BRDA:238,5,0,0
BRDA:238,5,1,0
BRDA:364,6,0,0
BRDA:364,6,1,0
BRDA:364,7,0,0
BRDA:364,7,1,0
BRDA:364,7,2,0
BRDA:375,8,0,0
BRDA:375,8,1,0
BRDA:375,8,2,0
BRDA:377,9,0,0
BRDA:377,9,1,0
BRDA:378,10,0,0
BRDA:378,10,1,0
BRDA:379,11,0,0
BRDA:379,11,1,0
BRDA:380,12,0,0
BRDA:380,12,1,0
BRDA:380,12,2,0
BRDA:381,13,0,0
BRDA:381,13,1,0
BRDA:381,13,2,0
BRF:28
BRH:0
end_of_record
TN:
SF:api/routes/adminActionsSimple.js
FN:44,(anonymous_0)
FN:57,(anonymous_1)
FN:70,(anonymous_2)
FN:73,(anonymous_3)
FN:84,(anonymous_4)
FN:85,(anonymous_5)
FNF:6
FNH:0
FNDA:0,(anonymous_0)
FNDA:0,(anonymous_1)
FNDA:0,(anonymous_2)
FNDA:0,(anonymous_3)
FNDA:0,(anonymous_4)
FNDA:0,(anonymous_5)
DA:6,0
DA:7,0
DA:10,0
DA:44,0
DA:45,0
DA:57,0
DA:58,0
DA:70,0
DA:71,0
DA:74,0
DA:78,0
DA:79,0
DA:80,0
DA:84,0
DA:85,0
DA:86,0
DA:92,0
LF:17
LH:0
BRF:0
BRH:0
end_of_record
TN:
SF:api/routes/adminRoutes.js
FN:49,(anonymous_0)
FN:58,(anonymous_1)
FN:127,(anonymous_2)
FN:135,(anonymous_3)
FN:199,(anonymous_4)
FN:208,(anonymous_5)
FN:269,(anonymous_6)
FN:278,(anonymous_7)
FN:337,(anonymous_8)
FN:346,(anonymous_9)
FN:405,(anonymous_10)
FN:414,(anonymous_11)
FN:476,(anonymous_12)
FN:485,(anonymous_13)
FN:545,(anonymous_14)
FN:556,(anonymous_15)
FN:567,(anonymous_16)
FN:578,(anonymous_17)
FNF:18
FNH:0
FNDA:0,(anonymous_0)
FNDA:0,(anonymous_1)
FNDA:0,(anonymous_2)
FNDA:0,(anonymous_3)
FNDA:0,(anonymous_4)
FNDA:0,(anonymous_5)
FNDA:0,(anonymous_6)
FNDA:0,(anonymous_7)
FNDA:0,(anonymous_8)
FNDA:0,(anonymous_9)
FNDA:0,(anonymous_10)
FNDA:0,(anonymous_11)
FNDA:0,(anonymous_12)
FNDA:0,(anonymous_13)
FNDA:0,(anonymous_14)
FNDA:0,(anonymous_15)
FNDA:0,(anonymous_16)
FNDA:0,(anonymous_17)
DA:6,0
DA:7,0
DA:8,0
DA:11,0
DA:32,0
DA:37,0
DA:41,0
DA:49,0
DA:50,0
DA:51,0
DA:52,0
DA:53,0
DA:54,0
DA:55,0
DA:58,0
DA:59,0
DA:60,0
DA:67,0
DA:70,0
DA:78,0
DA:103,0
DA:114,0
DA:115,0
DA:127,0
DA:128,0
DA:129,0
DA:130,0
DA:131,0
DA:132,0
DA:135,0
DA:136,0
DA:137,0
DA:143,0
DA:144,0
DA:147,0
DA:148,0
DA:151,0
DA:175,0
DA:186,0
DA:187,0
DA:199,0
DA:200,0
DA:201,0
DA:202,0
DA:203,0
DA:204,0
DA:205,0
DA:208,0
DA:209,0
DA:210,0
DA:216,0
DA:219,0
DA:222,0
DA:245,0
DA:256,0
DA:257,0
DA:269,0
DA:270,0
DA:271,0
DA:272,0
DA:273,0
DA:274,0
DA:275,0
DA:278,0
DA:279,0
DA:280,0
DA:286,0
DA:287,0
DA:297,0
DA:300,0
DA:314,0
DA:324,0
DA:325,0
DA:337,0
DA:338,0
DA:339,0
DA:340,0
DA:341,0
DA:342,0
DA:343,0
DA:346,0
DA:347,0
DA:348,0
DA:354,0
DA:355,0
DA:362,0
DA:365,0
DA:381,0
DA:392,0
DA:393,0
DA:405,0
DA:406,0
DA:407,0
DA:408,0
DA:409,0
DA:410,0
DA:411,0
DA:414,0
DA:415,0
DA:416,0
DA:422,0
DA:423,0
DA:432,0
DA:435,0
DA:452,0
DA:463,0
DA:464,0
DA:476,0
DA:477,0
DA:478,0
DA:479,0
DA:480,0
DA:481,0
DA:482,0
DA:485,0
DA:486,0
DA:487,0
DA:493,0
DA:494,0
DA:500,0
DA:501,0
DA:502,0
DA:505,0
DA:521,0
DA:532,0
DA:533,0
DA:545,0
DA:546,0
DA:556,0
DA:557,0
DA:567,0
DA:568,0
DA:578,0
DA:579,0
DA:585,0
LF:135
LH:0
BRDA:53,0,0,0
BRDA:53,0,1,0
BRDA:54,1,0,0
BRDA:54,1,1,0
BRDA:55,2,0,0
BRDA:55,2,1,0
BRDA:59,3,0,0
BRDA:59,3,1,0
BRDA:130,4,0,0
BRDA:130,4,1,0
BRDA:131,5,0,0
BRDA:131,5,1,0
BRDA:132,6,0,0
BRDA:132,6,1,0
BRDA:136,7,0,0
BRDA:136,7,1,0
BRDA:203,8,0,0
BRDA:203,8,1,0
BRDA:204,9,0,0
BRDA:204,9,1,0
BRDA:205,10,0,0
BRDA:205,10,1,0
BRDA:209,11,0,0
BRDA:209,11,1,0
BRDA:241,12,0,0
BRDA:241,12,1,0
BRDA:273,13,0,0
BRDA:273,13,1,0
BRDA:274,14,0,0
BRDA:274,14,1,0
BRDA:275,15,0,0
BRDA:275,15,1,0
BRDA:279,16,0,0
BRDA:279,16,1,0
BRDA:310,17,0,0
BRDA:310,17,1,0
BRDA:341,18,0,0
BRDA:341,18,1,0
BRDA:342,19,0,0
BRDA:342,19,1,0
BRDA:343,20,0,0
BRDA:343,20,1,0
BRDA:347,21,0,0
BRDA:347,21,1,0
BRDA:409,22,0,0
BRDA:409,22,1,0
BRDA:410,23,0,0
BRDA:410,23,1,0
BRDA:411,24,0,0
BRDA:411,24,1,0
BRDA:415,25,0,0
BRDA:415,25,1,0
BRDA:443,26,0,0
BRDA:443,26,1,0
BRDA:480,27,0,0
BRDA:480,27,1,0
BRDA:481,28,0,0
BRDA:481,28,1,0
BRDA:482,29,0,0
BRDA:482,29,1,0
BRDA:486,30,0,0
BRDA:486,30,1,0
BRDA:500,31,0,0
BRDA:500,31,1,0
BRDA:501,32,0,0
BRDA:501,32,1,0
BRDA:502,33,0,0
BRDA:502,33,1,0
BRF:68
BRH:0
end_of_record
TN:
SF:api/routes/listings.js
FN:25,(anonymous_0)
FN:180,(anonymous_1)
FN:246,(anonymous_2)
FN:279,(anonymous_3)
FN:486,(anonymous_4)
FN:522,(anonymous_5)
FNF:6
FNH:0
FNDA:0,(anonymous_0)
FNDA:0,(anonymous_1)
FNDA:0,(anonymous_2)
FNDA:0,(anonymous_3)
FNDA:0,(anonymous_4)
FNDA:0,(anonymous_5)
DA:6,0
DA:7,0
DA:8,0
DA:9,0
DA:10,0
DA:19,0
DA:25,0
DA:26,0
DA:40,0
DA:42,0
DA:43,0
DA:44,0
DA:51,0
DA:52,0
DA:59,0
DA:60,0
DA:61,0
DA:68,0
DA:90,0
DA:93,0
DA:94,0
DA:95,0
DA:99,0
DA:102,0
DA:103,0
DA:124,0
DA:128,0
DA:129,0
DA:141,0
DA:145,0
DA:146,0
DA:153,0
DA:156,0
DA:167,0
DA:168,0
DA:180,0
DA:181,0
DA:183,0
DA:222,0
DA:233,0
DA:234,0
DA:246,0
DA:247,0
DA:248,0
DA:250,0
DA:251,0
DA:258,0
DA:260,0
DA:266,0
DA:267,0
DA:279,0
DA:280,0
DA:281,0
DA:282,0
DA:283,0
DA:285,0
DA:286,0
DA:292,0
DA:293,0
DA:300,0
DA:301,0
DA:302,0
DA:308,0
DA:309,0
DA:315,0
DA:316,0
DA:323,0
DA:324,0
DA:325,0
DA:332,0
DA:333,0
DA:334,0
DA:338,0
DA:354,0
DA:357,0
DA:360,0
DA:363,0
DA:364,0
DA:365,0
DA:366,0
DA:370,0
DA:371,0
DA:392,0
DA:396,0
DA:398,0
DA:414,0
DA:430,0
DA:434,0
DA:436,0
DA:448,0
DA:459,0
DA:462,0
DA:473,0
DA:474,0
DA:486,0
DA:487,0
DA:488,0
DA:489,0
DA:490,0
DA:496,0
DA:497,0
DA:498,0
DA:500,0
DA:502,0
DA:509,0
DA:510,0
DA:522,0
DA:523,0
DA:524,0
DA:526,0
DA:527,0
DA:533,0
DA:539,0
DA:540,0
DA:548,0
LF:115
LH:0
BRDA:35,0,0,0
BRDA:36,1,0,0
BRDA:37,2,0,0
BRDA:38,3,0,0
BRDA:43,4,0,0
BRDA:43,4,1,0
BRDA:51,5,0,0
BRDA:51,5,1,0
BRDA:51,6,0,0
BRDA:51,6,1,0
BRDA:51,6,2,0
BRDA:51,6,3,0
BRDA:51,6,4,0
BRDA:51,6,5,0
BRDA:51,6,6,0
BRDA:60,7,0,0
BRDA:60,7,1,0
BRDA:78,8,0,0
BRDA:78,8,1,0
BRDA:79,9,0,0
BRDA:79,9,1,0
BRDA:93,10,0,0
BRDA:93,10,1,0
BRDA:109,11,0,0
BRDA:109,11,1,0
BRDA:250,12,0,0
BRDA:250,12,1,0
BRDA:285,13,0,0
BRDA:285,13,1,0
BRDA:292,14,0,0
BRDA:292,14,1,0
BRDA:301,15,0,0
BRDA:301,15,1,0
BRDA:308,16,0,0
BRDA:308,16,1,0
BRDA:315,17,0,0
BRDA:315,17,1,0
BRDA:324,18,0,0
BRDA:324,18,1,0
BRDA:332,19,0,0
BRDA:332,19,1,0
BRDA:350,20,0,0
BRDA:350,20,1,0
BRDA:364,21,0,0
BRDA:364,21,1,0
BRDA:377,22,0,0
BRDA:377,22,1,0
BRDA:489,23,0,0
BRDA:489,23,1,0
BRDA:526,24,0,0
BRDA:526,24,1,0
BRF:51
BRH:0
end_of_record
TN:
SF:api/routes/notifications.js
FN:74,(anonymous_0)
FN:82,(anonymous_1)
FN:86,(anonymous_2)
FN:91,(anonymous_3)
FN:96,(anonymous_4)
FN:101,(anonymous_5)
FN:105,(anonymous_6)
FN:138,(anonymous_7)
FN:141,(anonymous_8)
FN:169,(anonymous_9)
FN:174,(anonymous_10)
FN:216,(anonymous_11)
FN:229,(anonymous_12)
FN:230,(anonymous_13)
FN:246,(anonymous_14)
FN:264,(anonymous_15)
FN:268,(anonymous_16)
FN:302,(anonymous_17)
FN:304,(anonymous_18)
FN:327,(anonymous_19)
FN:330,(anonymous_20)
FN:332,(anonymous_21)
FN:337,(anonymous_22)
FN:343,(anonymous_23)
FN:371,(anonymous_24)
FN:412,(anonymous_25)
FN:415,(anonymous_26)
FNF:27
FNH:0
FNDA:0,(anonymous_0)
FNDA:0,(anonymous_1)
FNDA:0,(anonymous_2)
FNDA:0,(anonymous_3)
FNDA:0,(anonymous_4)
FNDA:0,(anonymous_5)
FNDA:0,(anonymous_6)
FNDA:0,(anonymous_7)
FNDA:0,(anonymous_8)
FNDA:0,(anonymous_9)
FNDA:0,(anonymous_10)
FNDA:0,(anonymous_11)
FNDA:0,(anonymous_12)
FNDA:0,(anonymous_13)
FNDA:0,(anonymous_14)
FNDA:0,(anonymous_15)
FNDA:0,(anonymous_16)
FNDA:0,(anonymous_17)
FNDA:0,(anonymous_18)
FNDA:0,(anonymous_19)
FNDA:0,(anonymous_20)
FNDA:0,(anonymous_21)
FNDA:0,(anonymous_22)
FNDA:0,(anonymous_23)
FNDA:0,(anonymous_24)
FNDA:0,(anonymous_25)
FNDA:0,(anonymous_26)
DA:6,0
DA:7,0
DA:10,0
DA:74,0
DA:75,0
DA:76,0
DA:78,0
DA:81,0
DA:82,0
DA:85,0
DA:86,0
DA:89,0
DA:90,0
DA:91,0
DA:94,0
DA:95,0
DA:96,0
DA:99,0
DA:100,0
DA:101,0
DA:105,0
DA:108,0
DA:109,0
DA:114,0
DA:125,0
DA:126,0
DA:138,0
DA:139,0
DA:140,0
DA:141,0
DA:143,0
DA:144,0
DA:150,0
DA:156,0
DA:157,0
DA:169,0
DA:170,0
DA:171,0
DA:172,0
DA:174,0
DA:176,0
DA:177,0
DA:184,0
DA:185,0
DA:189,0
DA:190,0
DA:192,0
DA:203,0
DA:204,0
DA:216,0
DA:217,0
DA:218,0
DA:220,0
DA:221,0
DA:227,0
DA:229,0
DA:230,0
DA:231,0
DA:232,0
DA:233,0
DA:235,0
DA:236,0
DA:237,0
DA:241,0
DA:246,0
DA:251,0
DA:252,0
DA:264,0
DA:265,0
DA:266,0
DA:268,0
DA:269,0
DA:270,0
DA:271,0
DA:273,0
DA:274,0
DA:275,0
DA:277,0
DA:280,0
DA:289,0
DA:290,0
DA:302,0
DA:303,0
DA:304,0
DA:306,0
DA:314,0
DA:315,0
DA:327,0
DA:328,0
DA:329,0
DA:330,0
DA:332,0
DA:333,0
DA:334,0
DA:337,0
DA:338,0
DA:339,0
DA:342,0
DA:343,0
DA:346,0
DA:358,0
DA:359,0
DA:371,0
DA:372,0
DA:373,0
DA:375,0
DA:390,0
DA:392,0
DA:399,0
DA:400,0
DA:412,0
DA:413,0
DA:414,0
DA:415,0
DA:417,0
DA:418,0
DA:424,0
DA:426,0
DA:435,0
DA:436,0
DA:444,0
LF:121
LH:0
BRDA:76,0,0,0
BRDA:76,1,0,0
BRDA:81,2,0,0
BRDA:81,2,1,0
BRDA:85,3,0,0
BRDA:85,3,1,0
BRDA:89,4,0,0
BRDA:89,4,1,0
BRDA:94,5,0,0
BRDA:94,5,1,0
BRDA:99,6,0,0
BRDA:99,6,1,0
BRDA:143,7,0,0
BRDA:143,7,1,0
BRDA:176,8,0,0
BRDA:176,8,1,0
BRDA:184,9,0,0
BRDA:184,9,1,0
BRDA:184,10,0,0
BRDA:184,10,1,0
BRDA:220,11,0,0
BRDA:220,11,1,0
BRDA:231,12,0,0
BRDA:231,12,1,0
BRDA:232,13,0,0
BRDA:232,13,1,0
BRDA:232,14,0,0
BRDA:232,14,1,0
BRDA:269,15,0,0
BRDA:269,15,1,0
BRDA:270,16,0,0
BRDA:270,16,1,0
BRDA:270,17,0,0
BRDA:270,17,1,0
BRDA:333,18,0,0
BRDA:333,18,1,0
BRDA:338,19,0,0
BRDA:338,19,1,0
BRDA:373,20,0,0
BRDA:373,21,0,0
BRDA:380,22,0,0
BRDA:380,22,1,0
BRDA:417,23,0,0
BRDA:417,23,1,0
BRF:44
BRH:0
end_of_record
TN:
SF:api/routes/purchases.js
FN:22,(anonymous_0)
FN:85,(anonymous_1)
FN:115,(anonymous_2)
FN:259,(anonymous_3)
FN:411,(anonymous_4)
FN:498,(anonymous_5)
FNF:6
FNH:0
FNDA:0,(anonymous_0)
FNDA:0,(anonymous_1)
FNDA:0,(anonymous_2)
FNDA:0,(anonymous_3)
FNDA:0,(anonymous_4)
FNDA:0,(anonymous_5)
DA:6,0
DA:7,0
DA:8,0
DA:9,0
DA:10,0
DA:16,0
DA:22,0
DA:23,0
DA:24,0
DA:25,0
DA:26,0
DA:38,0
DA:40,0
DA:47,0
DA:48,0
DA:51,0
DA:52,0
DA:54,0
DA:59,0
DA:61,0
DA:72,0
DA:73,0
DA:85,0
DA:86,0
DA:87,0
DA:89,0
DA:90,0
DA:96,0
DA:102,0
DA:103,0
DA:115,0
DA:116,0
DA:117,0
DA:119,0
DA:120,0
DA:127,0
DA:128,0
DA:134,0
DA:135,0
DA:142,0
DA:145,0
DA:146,0
DA:149,0
DA:150,0
DA:171,0
DA:175,0
DA:177,0
DA:193,0
DA:207,0
DA:211,0
DA:213,0
DA:225,0
DA:236,0
DA:239,0
DA:246,0
DA:247,0
DA:259,0
DA:260,0
DA:261,0
DA:263,0
DA:264,0
DA:271,0
DA:272,0
DA:278,0
DA:279,0
DA:286,0
DA:287,0
DA:290,0
DA:291,0
DA:294,0
DA:296,0
DA:300,0
DA:301,0
DA:322,0
DA:326,0
DA:328,0
DA:344,0
DA:359,0
DA:363,0
DA:365,0
DA:377,0
DA:388,0
DA:391,0
DA:398,0
DA:399,0
DA:411,0
DA:412,0
DA:413,0
DA:414,0
DA:416,0
DA:417,0
DA:423,0
DA:424,0
DA:431,0
DA:434,0
DA:435,0
DA:454,0
DA:458,0
DA:459,0
DA:475,0
DA:478,0
DA:485,0
DA:486,0
DA:498,0
DA:499,0
DA:500,0
DA:502,0
DA:503,0
DA:509,0
DA:510,0
DA:517,0
DA:520,0
DA:521,0
DA:539,0
DA:542,0
DA:549,0
DA:550,0
DA:558,0
LF:118
LH:0
BRDA:25,0,0,0
BRDA:25,0,1,0
BRDA:34,1,0,0
BRDA:35,2,0,0
BRDA:36,3,0,0
BRDA:37,4,0,0
BRDA:47,5,0,0
BRDA:47,5,1,0
BRDA:52,6,0,0
BRDA:52,6,1,0
BRDA:89,7,0,0
BRDA:89,7,1,0
BRDA:119,8,0,0
BRDA:119,8,1,0
BRDA:127,9,0,0
BRDA:127,9,1,0
BRDA:134,10,0,0
BRDA:134,10,1,0
BRDA:154,11,0,0
BRDA:154,11,1,0
BRDA:156,12,0,0
BRDA:156,12,1,0
BRDA:263,13,0,0
BRDA:263,13,1,0
BRDA:271,14,0,0
BRDA:271,14,1,0
BRDA:278,15,0,0
BRDA:278,15,1,0
BRDA:294,16,0,0
BRDA:294,16,1,0
BRDA:294,17,0,0
BRDA:294,17,1,0
BRDA:305,18,0,0
BRDA:305,18,1,0
BRDA:307,19,0,0
BRDA:307,19,1,0
BRDA:416,20,0,0
BRDA:416,20,1,0
BRDA:423,21,0,0
BRDA:423,21,1,0
BRDA:423,22,0,0
BRDA:423,22,1,0
BRDA:439,23,0,0
BRDA:439,23,1,0
BRDA:441,24,0,0
BRDA:441,24,1,0
BRDA:502,25,0,0
BRDA:502,25,1,0
BRDA:509,26,0,0
BRDA:509,26,1,0
BRDA:509,27,0,0
BRDA:509,27,1,0
BRDA:525,28,0,0
BRDA:525,28,1,0
BRDA:527,29,0,0
BRDA:527,29,1,0
BRF:56
BRH:0
end_of_record
TN:
SF:api/routes/simpleAdminRoutes.js
FN:45,(anonymous_0)
FN:56,(anonymous_1)
FN:65,(anonymous_2)
FN:126,(anonymous_3)
FN:134,(anonymous_4)
FN:197,(anonymous_5)
FN:206,(anonymous_6)
FN:266,(anonymous_7)
FN:275,(anonymous_8)
FN:333,(anonymous_9)
FN:344,(anonymous_10)
FN:355,(anonymous_11)
FN:366,(anonymous_12)
FNF:13
FNH:0
FNDA:0,(anonymous_0)
FNDA:0,(anonymous_1)
FNDA:0,(anonymous_2)
FNDA:0,(anonymous_3)
FNDA:0,(anonymous_4)
FNDA:0,(anonymous_5)
FNDA:0,(anonymous_6)
FNDA:0,(anonymous_7)
FNDA:0,(anonymous_8)
FNDA:0,(anonymous_9)
FNDA:0,(anonymous_10)
FNDA:0,(anonymous_11)
FNDA:0,(anonymous_12)
DA:6,0
DA:7,0
DA:10,0
DA:31,0
DA:36,0
DA:40,0
DA:45,0
DA:46,0
DA:56,0
DA:57,0
DA:58,0
DA:59,0
DA:60,0
DA:61,0
DA:62,0
DA:65,0
DA:66,0
DA:67,0
DA:74,0
DA:77,0
DA:85,0
DA:102,0
DA:113,0
DA:114,0
DA:126,0
DA:127,0
DA:128,0
DA:129,0
DA:130,0
DA:131,0
DA:134,0
DA:135,0
DA:136,0
DA:142,0
DA:143,0
DA:146,0
DA:147,0
DA:150,0
DA:173,0
DA:184,0
DA:185,0
DA:197,0
DA:198,0
DA:199,0
DA:200,0
DA:201,0
DA:202,0
DA:203,0
DA:206,0
DA:207,0
DA:208,0
DA:214,0
DA:217,0
DA:220,0
DA:242,0
DA:253,0
DA:254,0
DA:266,0
DA:267,0
DA:268,0
DA:269,0
DA:270,0
DA:271,0
DA:272,0
DA:275,0
DA:276,0
DA:277,0
DA:283,0
DA:284,0
DA:294,0
DA:297,0
DA:310,0
DA:320,0
DA:321,0
DA:333,0
DA:334,0
DA:344,0
DA:345,0
DA:355,0
DA:356,0
DA:366,0
DA:367,0
DA:373,0
LF:83
LH:0
BRDA:60,0,0,0
BRDA:60,0,1,0
BRDA:61,1,0,0
BRDA:61,1,1,0
BRDA:62,2,0,0
BRDA:62,2,1,0
BRDA:66,3,0,0
BRDA:66,3,1,0
BRDA:129,4,0,0
BRDA:129,4,1,0
BRDA:130,5,0,0
BRDA:130,5,1,0
BRDA:131,6,0,0
BRDA:131,6,1,0
BRDA:135,7,0,0
BRDA:135,7,1,0
BRDA:201,8,0,0
BRDA:201,8,1,0
BRDA:202,9,0,0
BRDA:202,9,1,0
BRDA:203,10,0,0
BRDA:203,10,1,0
BRDA:207,11,0,0
BRDA:207,11,1,0
BRDA:238,12,0,0
BRDA:238,12,1,0
BRDA:270,13,0,0
BRDA:270,13,1,0
BRDA:271,14,0,0
BRDA:271,14,1,0
BRDA:272,15,0,0
BRDA:272,15,1,0
BRDA:276,16,0,0
BRDA:276,16,1,0
BRDA:306,17,0,0
BRDA:306,17,1,0
BRF:36
BRH:0
end_of_record
TN:
SF:examples/endpointsExample.js
FN:12,(anonymous_0)
FN:37,(anonymous_1)
FN:81,(anonymous_2)
FN:104,(anonymous_3)
FN:120,(anonymous_4)
FN:136,(anonymous_5)
FN:143,(anonymous_6)
FN:155,(anonymous_7)
FN:162,(anonymous_8)
FN:174,(anonymous_9)
FN:195,(anonymous_10)
FN:227,(anonymous_11)
FN:259,(anonymous_12)
FNF:13
FNH:0
FNDA:0,(anonymous_0)
FNDA:0,(anonymous_1)
FNDA:0,(anonymous_2)
FNDA:0,(anonymous_3)
FNDA:0,(anonymous_4)
FNDA:0,(anonymous_5)
FNDA:0,(anonymous_6)
FNDA:0,(anonymous_7)
FNDA:0,(anonymous_8)
FNDA:0,(anonymous_9)
FNDA:0,(anonymous_10)
FNDA:0,(anonymous_11)
FNDA:0,(anonymous_12)
DA:6,0
DA:8,0
DA:9,0
DA:12,0
DA:13,0
DA:14,0
DA:24,0
DA:25,0
DA:28,0
DA:29,0
DA:31,0
DA:32,0
DA:37,0
DA:38,0
DA:39,0
DA:41,0
DA:68,0
DA:69,0
DA:70,0
DA:71,0
DA:73,0
DA:75,0
DA:76,0
DA:81,0
DA:82,0
DA:83,0
DA:85,0
DA:91,0
DA:92,0
DA:93,0
DA:94,0
DA:96,0
DA:98,0
DA:99,0
DA:104,0
DA:105,0
DA:106,0
DA:108,0
DA:109,0
DA:110,0
DA:112,0
DA:114,0
DA:115,0
DA:120,0
DA:121,0
DA:122,0
DA:124,0
DA:125,0
DA:126,0
DA:128,0
DA:130,0
DA:131,0
DA:136,0
DA:137,0
DA:138,0
DA:140,0
DA:141,0
DA:143,0
DA:144,0
DA:147,0
DA:149,0
DA:150,0
DA:155,0
DA:156,0
DA:157,0
DA:159,0
DA:160,0
DA:162,0
DA:163,0
DA:166,0
DA:168,0
DA:169,0
DA:174,0
DA:175,0
DA:176,0
DA:178,0
DA:183,0
DA:184,0
DA:185,0
DA:187,0
DA:189,0
DA:190,0
DA:195,0
DA:196,0
DA:197,0
DA:200,0
DA:201,0
DA:204,0
DA:205,0
DA:208,0
DA:209,0
DA:212,0
DA:213,0
DA:215,0
DA:216,0
DA:221,0
DA:222,0
DA:227,0
DA:228,0
DA:229,0
DA:232,0
DA:233,0
DA:235,0
DA:239,0
DA:240,0
DA:242,0
DA:246,0
DA:247,0
DA:249,0
DA:252,0
DA:254,0
DA:259,0
DA:260,0
DA:261,0
DA:264,0
DA:265,0
DA:266,0
DA:269,0
DA:270,0
DA:271,0
DA:274,0
DA:275,0
DA:276,0
DA:279,0
DA:280,0
DA:281,0
DA:283,0
DA:285,0
DA:290,0
LF:129
LH:0
BRDA:12,0,0,0
BRDA:24,1,0,0
BRDA:24,1,1,0
BRDA:31,2,0,0
BRDA:31,2,1,0
BRF:5
BRH:0
end_of_record
TN:
SF:models/Listing.js
FN:84,(anonymous_0)
FN:142,(anonymous_1)
FN:147,(anonymous_2)
FN:153,(anonymous_3)
FN:158,(anonymous_4)
FN:164,(anonymous_5)
FNF:6
FNH:0
FNDA:0,(anonymous_0)
FNDA:0,(anonymous_1)
FNDA:0,(anonymous_2)
FNDA:0,(anonymous_3)
FNDA:0,(anonymous_4)
FNDA:0,(anonymous_5)
DA:6,0
DA:8,0
DA:85,0
DA:133,0
DA:134,0
DA:135,0
DA:136,0
DA:137,0
DA:138,0
DA:139,0
DA:142,0
DA:143,0
DA:147,0
DA:148,0
DA:149,0
DA:150,0
DA:153,0
DA:154,0
DA:155,0
DA:158,0
DA:159,0
DA:160,0
DA:161,0
DA:164,0
DA:165,0
DA:166,0
DA:169,0
LF:27
LH:0
BRDA:143,0,0,0
BRDA:143,0,1,0
BRF:2
BRH:0
end_of_record
TN:
SF:models/Purchase.js
FN:109,(anonymous_0)
FN:115,(anonymous_1)
FN:121,(anonymous_2)
FN:127,(anonymous_3)
FN:133,(anonymous_4)
FN:139,(anonymous_5)
FNF:6
FNH:0
FNDA:0,(anonymous_0)
FNDA:0,(anonymous_1)
FNDA:0,(anonymous_2)
FNDA:0,(anonymous_3)
FNDA:0,(anonymous_4)
FNDA:0,(anonymous_5)
DA:6,0
DA:8,0
DA:101,0
DA:102,0
DA:103,0
DA:104,0
DA:105,0
DA:106,0
DA:109,0
DA:110,0
DA:111,0
DA:112,0
DA:115,0
DA:116,0
DA:117,0
DA:118,0
DA:121,0
DA:122,0
DA:123,0
DA:124,0
DA:127,0
DA:128,0
DA:129,0
DA:130,0
DA:133,0
DA:134,0
DA:135,0
DA:136,0
DA:139,0
DA:140,0
DA:141,0
DA:146,0
DA:149,0
LF:33
LH:0
BRF:0
BRH:0
end_of_record
TN:
SF:models/User.js
FN:137,(anonymous_0)
FN:149,(anonymous_1)
FNF:2
FNH:0
FNDA:0,(anonymous_0)
FNDA:0,(anonymous_1)
DA:6,0
DA:8,0
DA:128,0
DA:129,0
DA:130,0
DA:131,0
DA:132,0
DA:133,0
DA:134,0
DA:137,0
DA:138,0
DA:139,0
DA:140,0
DA:141,0
DA:142,0
DA:143,0
DA:146,0
DA:149,0
DA:150,0
DA:151,0
DA:152,0
DA:153,0
DA:156,0
LF:23
LH:0
BRDA:138,0,0,0
BRDA:138,0,1,0
BRDA:140,1,0,0
BRDA:140,1,1,0
BRDA:142,2,0,0
BRDA:142,2,1,0
BRF:6
BRH:0
end_of_record
TN:
SF:utils/adminActionsStorage.js
FN:16,(anonymous_0)
FN:29,(anonymous_1)
FN:48,(anonymous_2)
FN:63,(anonymous_3)
FN:104,(anonymous_4)
FN:112,(anonymous_5)
FN:118,(anonymous_6)
FN:124,(anonymous_7)
FN:131,(anonymous_8)
FN:138,(anonymous_9)
FN:144,(anonymous_10)
FN:157,(anonymous_11)
FN:198,(anonymous_12)
FN:201,(anonymous_13)
FN:214,(anonymous_14)
FN:235,(anonymous_15)
FN:252,(anonymous_16)
FN:252,(anonymous_17)
FNF:18
FNH:0
FNDA:0,(anonymous_0)
FNDA:0,(anonymous_1)
FNDA:0,(anonymous_2)
FNDA:0,(anonymous_3)
FNDA:0,(anonymous_4)
FNDA:0,(anonymous_5)
FNDA:0,(anonymous_6)
FNDA:0,(anonymous_7)
FNDA:0,(anonymous_8)
FNDA:0,(anonymous_9)
FNDA:0,(anonymous_10)
FNDA:0,(anonymous_11)
FNDA:0,(anonymous_12)
FNDA:0,(anonymous_13)
FNDA:0,(anonymous_14)
FNDA:0,(anonymous_15)
FNDA:0,(anonymous_16)
FNDA:0,(anonymous_17)
DA:6,0
DA:7,0
DA:8,0
DA:11,0
DA:16,0
DA:17,0
DA:18,0
DA:19,0
DA:21,0
DA:29,0
DA:30,0
DA:31,0
DA:32,0
DA:33,0
DA:35,0
DA:37,0
DA:39,0
DA:40,0
DA:48,0
DA:49,0
DA:50,0
DA:51,0
DA:53,0
DA:54,0
DA:63,0
DA:64,0
DA:66,0
DA:69,0
DA:80,0
DA:83,0
DA:85,0
DA:92,0
DA:94,0
DA:95,0
DA:104,0
DA:105,0
DA:106,0
DA:108,0
DA:111,0
DA:112,0
DA:113,0
DA:117,0
DA:118,0
DA:119,0
DA:123,0
DA:124,0
DA:125,0
DA:129,0
DA:130,0
DA:131,0
DA:132,0
DA:136,0
DA:137,0
DA:138,0
DA:139,0
DA:144,0
DA:146,0
DA:148,0
DA:149,0
DA:157,0
DA:158,0
DA:159,0
DA:160,0
DA:167,0
DA:168,0
DA:169,0
DA:170,0
DA:172,0
DA:173,0
DA:182,0
DA:184,0
DA:185,0
DA:198,0
DA:199,0
DA:200,0
DA:201,0
DA:202,0
DA:204,0
DA:205,0
DA:214,0
DA:215,0
DA:216,0
DA:219,0
DA:235,0
DA:251,0
DA:252,0
DA:255,0
DA:257,0
DA:258,0
DA:262,0
LF:90
LH:0
BRDA:35,0,0,0
BRDA:35,0,1,0
BRDA:74,1,0,0
BRDA:74,1,1,0
BRDA:75,2,0,0
BRDA:75,2,1,0
BRDA:76,3,0,0
BRDA:76,3,1,0
BRDA:104,4,0,0
BRDA:111,5,0,0
BRDA:111,5,1,0
BRDA:117,6,0,0
BRDA:117,6,1,0
BRDA:123,7,0,0
BRDA:123,7,1,0
BRDA:129,8,0,0
BRDA:129,8,1,0
BRDA:136,9,0,0
BRDA:136,9,1,0
BRDA:169,10,0,0
BRDA:169,10,1,0
BRDA:214,11,0,0
BRF:22
BRH:0
end_of_record
TN:
SF:utils/hmacSigner.js
FN:16,(anonymous_0)
FN:35,(anonymous_1)
FN:50,(anonymous_2)
FN:64,(anonymous_3)
FNF:4
FNH:0
FNDA:0,(anonymous_0)
FNDA:0,(anonymous_1)
FNDA:0,(anonymous_2)
FNDA:0,(anonymous_3)
DA:6,0
DA:9,0
DA:16,0
DA:17,0
DA:19,0
DA:20,0
DA:21,0
DA:22,0
DA:24,0
DA:25,0
DA:35,0
DA:36,0
DA:37,0
DA:38,0
DA:40,0
DA:41,0
DA:50,0
DA:51,0
DA:52,0
DA:64,0
DA:65,0
DA:67,0
DA:69,0
DA:78,0
LF:24
LH:0
BRDA:9,0,0,0
BRDA:9,0,1,0
BRF:2
BRH:0
end_of_record
TN:
SF:utils/simpleHelpers.js
FN:7,(anonymous_0)
FN:26,(anonymous_1)
FN:43,(anonymous_2)
FN:59,(anonymous_3)
FN:74,(anonymous_4)
FN:90,(anonymous_5)
FN:91,(anonymous_6)
FN:100,(anonymous_7)
FNF:8
FNH:0
FNDA:0,(anonymous_0)
FNDA:0,(anonymous_1)
FNDA:0,(anonymous_2)
FNDA:0,(anonymous_3)
FNDA:0,(anonymous_4)
FNDA:0,(anonymous_5)
FNDA:0,(anonymous_6)
FNDA:0,(anonymous_7)
DA:7,0
DA:8,0
DA:9,0
DA:18,0
DA:20,0
DA:21,0
DA:26,0
DA:27,0
DA:28,0
DA:35,0
DA:37,0
DA:38,0
DA:43,0
DA:44,0
DA:45,0
DA:51,0
DA:53,0
DA:54,0
DA:59,0
DA:60,0
DA:61,0
DA:66,0
DA:68,0
DA:69,0
DA:74,0
DA:75,0
DA:76,0
DA:82,0
DA:84,0
DA:85,0
DA:90,0
DA:91,0
DA:94,0
DA:95,0
DA:100,0
DA:103,0
DA:104,0
DA:107,0
LF:38
LH:0
BRDA:15,0,0,0
BRDA:15,0,1,0
BRF:2
BRH:0
end_of_record
